[17:51:41] [main/INFO]: Setting user: Player765
[17:51:42] [Client thread/INFO]: LWJGL Version: 2.9.1
[17:51:45] [Client thread/INFO]: Reloading ResourceManager: Default, FMLFileResourcePack:Forge Mod Loader, FMLFileResourcePack:Minecraft Forge, FMLFileResourcePack:EternaLoveMod
[17:51:45] [Sound Library Loader/INFO]: Sound engine started
[17:51:46] [Client thread/INFO]: Created: 512x256 textures/blocks-atlas
[17:51:46] [Client thread/INFO]: Created: 512x256 textures/items-atlas
[17:51:46] [Client thread/INFO]: Reloading ResourceManager: Default, FMLFileResourcePack:Forge Mod Loader, FMLFileResourcePack:Minecraft Forge, FMLFileResourcePack:EternaLoveMod
[17:51:46] [Client thread/INFO]: Created: 512x256 textures/blocks-atlas
[17:51:46] [Client thread/INFO]: Created: 512x256 textures/items-atlas
[17:51:47] [Sound Library Loader/INFO]: Sound engine started
[17:51:50] [Server thread/INFO]: Starting integrated minecraft server version 1.7.10
[17:51:50] [Server thread/INFO]: Generating keypair
[17:51:51] [Server thread/INFO]: Preparing start region for level 0
[17:51:51] [Server thread/INFO]: Changing view distance to 12, from 10
[17:51:52] [Server thread/INFO]: Player765[local:E:1e9efff5] logged in with entity id 190 at (-229.07842977240279, 70.0, 249.51537423487753)
[17:51:52] [Server thread/INFO]: Player765 joined the game
[17:51:52] [Server thread/INFO]: Saving and pausing game...
[17:51:52] [Server thread/INFO]: Saving chunks for level 'New World'/Overworld
[17:51:52] [Server thread/INFO]: Saving chunks for level 'New World'/Nether
[17:51:52] [Server thread/INFO]: Saving chunks for level 'New World'/The End
[17:52:27] [Server thread/INFO]: Player765 has just earned the achievement [Taking Inventory]
[17:52:27] [Client thread/INFO]: [CHAT] Player765 has just earned the achievement [Taking Inventory]
[17:52:56] [Server thread/WARN]: Can't keep up! Did the system time change, or is the server overloaded? Running 2957ms behind, skipping 59 tick(s)
[17:53:05] [Client thread/INFO]: Stopping!
[17:53:05] [Client Shutdown Thread/INFO]: Stopping server
